[19:25:41] [main/WARN]: Ambiguity between arguments [teleport, destination] and [teleport, targets] with inputs: [Player, 0123, @e, dd12be42-52a9-4a91-a8a1-11c01849e498]
[19:25:41] [main/WARN]: Ambiguity between arguments [teleport, location] and [teleport, destination] with inputs: [0.1 -0.5 .9, 0 0 0]
[19:25:41] [main/WARN]: Ambiguity between arguments [teleport, location] and [teleport, targets] with inputs: [0.1 -0.5 .9, 0 0 0]
[19:25:41] [main/WARN]: Ambiguity between arguments [teleport, targets] and [teleport, destination] with inputs: [Player, 0123, dd12be42-52a9-4a91-a8a1-11c01849e498]
[19:25:41] [main/WARN]: Ambiguity between arguments [teleport, targets, location] and [teleport, targets, destination] with inputs: [0.1 -0.5 .9, 0 0 0]
[19:25:41] [Server thread/INFO]: Starting minecraft server version 1.14.4
[19:25:41] [Server thread/INFO]: Loading properties
[19:25:41] [Server thread/INFO]: Default game type: SURVIVAL
[19:25:41] [Server thread/INFO]: Generating keypair
[19:25:41] [Server thread/INFO]: Starting Minecraft server on *:25565
[19:25:42] [Server thread/INFO]: Using default channel type
[19:25:42] [Server thread/WARN]: **** SERVER IS RUNNING IN OFFLINE/INSECURE MODE!
[19:25:42] [Server thread/WARN]: The server will make no attempt to authenticate usernames. Beware.
[19:25:42] [Server thread/WARN]: While this makes the game possible to play without internet access, it also opens up the ability for hackers to connect with any username they choose.
[19:25:42] [Server thread/WARN]: To change this, set "online-mode" to "true" in the server.properties file.
[19:25:43] [Server thread/INFO]: Preparing level "world"
[19:25:43] [Server thread/INFO]: Reloading ResourceManager: Default
[19:25:44] [Server thread/INFO]: Loaded 6 recipes
[19:25:45] [Server thread/INFO]: Loaded 811 advancements
[19:25:45] [Server thread/INFO]: Preparing start region for dimension minecraft:overworld
[19:25:48] [Server thread/INFO]: Preparing spawn area: 0%
[19:25:48] [Server thread/INFO]: Preparing spawn area: 0%
[19:25:48] [Server thread/INFO]: Preparing spawn area: 0%
[19:25:48] [Server thread/INFO]: Preparing spawn area: 0%
[19:25:48] [Server thread/INFO]: Preparing spawn area: 0%
[19:25:48] [Server thread/INFO]: Preparing spawn area: 0%
[19:25:49] [Server-Worker-6/INFO]: Preparing spawn area: 0%
[19:25:49] [Server-Worker-6/INFO]: Preparing spawn area: 0%
[19:25:49] [Server thread/INFO]: Preparing spawn area: 0%
[19:25:50] [Server thread/INFO]: Time elapsed: 4430 ms
[19:25:50] [Server thread/INFO]: Done (7.027s)! For help, type "help"
[19:33:58] [Server thread/INFO]: CelesGoye[/127.0.0.1:51115] logged in with entity id 289 at (117.54530580718426, 73.24663349398674, 83.62908063747626)
[19:33:58] [Server thread/INFO]: CelesGoye joined the game
[19:34:04] [Server thread/WARN]: Can't keep up! Is the server overloaded? Running 2028ms or 40 ticks behind
[19:34:53] [Server thread/INFO]: CelesGoye lost connection: Disconnected
[19:34:53] [Server thread/INFO]: CelesGoye left the game
[20:02:58] [Server thread/INFO]: CelesGoye[/127.0.0.1:57729] logged in with entity id 500 at (117.54530580718426, 73.24663349398674, 83.62908063747626)
[20:02:58] [Server thread/INFO]: CelesGoye joined the game
[20:03:01] [Server thread/WARN]: Can't keep up! Is the server overloaded? Running 2066ms or 41 ticks behind
[20:03:26] [Server thread/INFO]: CelesGoye lost connection: Disconnected
[20:03:26] [Server thread/INFO]: CelesGoye left the game
[20:06:16] [Server thread/INFO]: CelesGoye[/127.0.0.1:58131] logged in with entity id 566 at (117.54530580718426, 73.24663349398674, 83.62908063747626)
[20:06:16] [Server thread/INFO]: CelesGoye joined the game
[20:25:55] [Server thread/WARN]: CelesGoye moved too quickly! 9.190367974503783,0.0,-4.506237669130755
[20:29:20] [Server thread/INFO]: CelesGoye lost connection: Disconnected
[20:29:20] [Server thread/INFO]: CelesGoye left the game
[20:50:07] [Server thread/INFO]: CelesGoye[/127.0.0.1:61550] logged in with entity id 7446 at (26.462034105405518, 64.0, -93.30000001192093)
[20:50:07] [Server thread/INFO]: CelesGoye joined the game
[20:50:38] [Server thread/INFO]: Made CelesGoye a server operator
[21:03:28] [Server thread/INFO]: CelesGoye lost connection: Disconnected
[21:03:28] [Server thread/INFO]: CelesGoye left the game
[21:08:53] [Server thread/INFO]: Stopping the server
[21:08:53] [Server thread/INFO]: Stopping server
[21:08:53] [Server thread/INFO]: Saving players
[21:08:53] [Server thread/INFO]: Saving worlds
[21:08:53] [Server thread/INFO]: Saving chunks for level 'world'/minecraft:the_nether
[21:08:53] [Server thread/INFO]: ThreadedAnvilChunkStorage (DIM-1): All chunks are saved
[21:08:53] [Server thread/INFO]: Saving chunks for level 'world'/minecraft:overworld
[21:08:53] [Server thread/INFO]: ThreadedAnvilChunkStorage (world): All chunks are saved
[21:08:53] [Server thread/INFO]: Saving chunks for level 'world'/minecraft:the_end
[21:08:53] [Server thread/INFO]: ThreadedAnvilChunkStorage (DIM1): All chunks are saved
[21:08:53] [Server thread/INFO]: ThreadedAnvilChunkStorage (DIM-1): All chunks are saved
[21:08:53] [Server thread/INFO]: ThreadedAnvilChunkStorage (world): All chunks are saved
[21:08:53] [Server thread/INFO]: ThreadedAnvilChunkStorage (DIM1): All chunks are saved
